datalink -a 
=========================================================================
                          Station A                                 
-------------------------------------------------------------------------
Protocol.lib, version 3.0, Build: Oct 19 2009 (jiangy@public3.bta.net.cn)
Channel: 8000 bps, 270 ms propagation delay, bit error rate 1.0E-005
Log file "datalink-A.log", TCP port 59144, debug mask 0x00
Station A is waiting for station B on TCP port 59144 ... Done.
New epoch: Sun Apr 24 09:45:36 2016
=========================================================================
Designed by Hong Zhilong, based on Teacher Jiang's code.
Build: May 23 2015  22:49:12
3.438 .... 7 packets received, 6712 bps, 83.90%, Err 1 (5.2e-005)
5.534 .... 15 packets received, 7259 bps, 90.74%, Err 1 (2.8e-005)
7.656 .... 23 packets received, 7413 bps, 92.67%, Err 1 (1.9e-005)
9.759 .... 31 packets received, 7507 bps, 93.84%, Err 1 (1.4e-005)
11.892 .... 39 packets received, 7542 bps, 94.28%, Err 1 (1.2e-005)
14.008 .... 47 packets received, 7576 bps, 94.70%, Err 1 (9.6e-006)
16.112 .... 55 packets received, 7606 bps, 95.07%, Err 2 (1.7e-005)
18.229 .... 62 packets received, 7501 bps, 93.77%, Err 2 (1.5e-005)
20.331 .... 70 packets received, 7534 bps, 94.17%, Err 2 (1.3e-005)
22.451 .... 78 packets received, 7553 bps, 94.42%, Err 2 (1.2e-005)
24.570 .... 86 packets received, 7570 bps, 94.62%, Err 2 (1.1e-005)
26.672 .... 94 packets received, 7588 bps, 94.85%, Err 2 (9.8e-006)
28.785 .... 102 packets received, 7601 bps, 95.01%, Err 3 (1.4e-005)
30.902 .... 110 packets received, 7611 bps, 95.14%, Err 3 (1.3e-005)
33.015 .... 118 packets received, 7620 bps, 95.25%, Err 3 (1.2e-005)
35.921 .... 124 packets received, 7336 bps, 91.70%, Err 4 (1.4e-005)
38.023 .... 136 packets received, 7585 bps, 94.81%, Err 4 (1.4e-005)
40.140 .... 144 packets received, 7593 bps, 94.92%, Err 4 (1.3e-005)
42.259 .... 152 packets received, 7601 bps, 95.01%, Err 4 (1.2e-005)
44.376 .... 160 packets received, 7607 bps, 95.09%, Err 4 (1.2e-005)
46.476 .... 168 packets received, 7616 bps, 95.21%, Err 4 (1.1e-005)
47.374 TCP Disconnected.
